This file contains any messages produced by compilers while
running configure, to aid debugging if configure makes a mistake.

It was created by configure, which was
generated by GNU Autoconf 2.68.  Invocation command line was

  $ ./configure --prefix=/usr

## --------- ##
## Platform. ##
## --------- ##

hostname = sbf09
uname -m = x86_64
uname -r = 3.5.0-22-generic
uname -s = Linux
uname -v = #34~precise1-Ubuntu SMP Wed Jan 9 21:45:40 UTC 2013

/usr/bin/uname -p = unknown
/bin/uname -X     = unknown

/bin/arch              = unknown
/usr/bin/arch -k       = unknown
/usr/convex/getsysinfo = unknown
/usr/bin/hostinfo      = unknown
/bin/machine           = unknown
/usr/bin/oslevel       = unknown
/bin/universe          = unknown

PATH: /usr/lib/lightdm/lightdm
PATH: /usr/local/sbin
PATH: /usr/local/bin
PATH: /usr/sbin
PATH: /usr/bin
PATH: /sbin
PATH: /bin
PATH: /usr/games


## ----------- ##
## Core tests. ##
## ----------- ##

configure:2291: checking for g++
configure:2307: found /usr/bin/g++
configure:2318: result: g++
configure:2345: checking for C++ compiler version
configure:2354: g++ --version >&5
g++ (Ubuntu/Linaro 4.6.3-1ubuntu5) 4.6.3
Copyright (C) 2011 Free Software Foundation, Inc.
This is free software; see the source for copying conditions.  There is NO
warranty; not even for MERCHANTABILITY or FITNESS FOR A PARTICULAR PURPOSE.

configure:2365: $? = 0
configure:2354: g++ -v >&5
Using built-in specs.
COLLECT_GCC=g++
COLLECT_LTO_WRAPPER=/usr/lib/gcc/x86_64-linux-gnu/4.6/lto-wrapper
Target: x86_64-linux-gnu
Configured with: ../src/configure -v --with-pkgversion='Ubuntu/Linaro 4.6.3-1ubuntu5' --with-bugurl=file:///usr/share/doc/gcc-4.6/README.Bugs --enable-languages=c,c++,fortran,objc,obj-c++ --prefix=/usr --program-suffix=-4.6 --enable-shared --enable-linker-build-id --with-system-zlib --libexecdir=/usr/lib --without-included-gettext --enable-threads=posix --with-gxx-include-dir=/usr/include/c++/4.6 --libdir=/usr/lib --enable-nls --with-sysroot=/ --enable-clocale=gnu --enable-libstdcxx-debug --enable-libstdcxx-time=yes --enable-gnu-unique-object --enable-plugin --enable-objc-gc --disable-werror --with-arch-32=i686 --with-tune=generic --enable-checking=release --build=x86_64-linux-gnu --host=x86_64-linux-gnu --target=x86_64-linux-gnu
Thread model: posix
gcc version 4.6.3 (Ubuntu/Linaro 4.6.3-1ubuntu5) 
configure:2365: $? = 0
configure:2354: g++ -V >&5
g++: error: unrecognized option '-V'
g++: fatal error: no input files
compilation terminated.
configure:2365: $? = 4
configure:2354: g++ -qversion >&5
g++: error: unrecognized option '-qversion'
g++: fatal error: no input files
compilation terminated.
configure:2365: $? = 4
configure:2385: checking whether the C++ compiler works
configure:2407: g++    conftest.cpp  >&5
configure:2411: $? = 0
configure:2459: result: yes
configure:2462: checking for C++ compiler default output file name
configure:2464: result: a.out
configure:2470: checking for suffix of executables
configure:2477: g++ -o conftest    conftest.cpp  >&5
configure:2481: $? = 0
configure:2503: result: 
configure:2525: checking whether we are cross compiling
configure:2533: g++ -o conftest    conftest.cpp  >&5
configure:2537: $? = 0
configure:2544: ./conftest
configure:2548: $? = 0
configure:2563: result: no
configure:2568: checking for suffix of object files
configure:2590: g++ -c   conftest.cpp >&5
configure:2594: $? = 0
configure:2615: result: o
configure:2619: checking whether we are using the GNU C++ compiler
configure:2638: g++ -c   conftest.cpp >&5
configure:2638: $? = 0
configure:2647: result: yes
configure:2656: checking whether g++ accepts -g
configure:2676: g++ -c -g  conftest.cpp >&5
configure:2676: $? = 0
configure:2717: result: yes
configure:2747: checking whether make sets $(MAKE)
configure:2769: result: yes
configure:2785: checking how to run the C++ preprocessor
configure:2812: g++ -E  conftest.cpp
configure:2812: $? = 0
configure:2826: g++ -E  conftest.cpp
conftest.cpp:9:28: fatal error: ac_nonexistent.h: No such file or directory
compilation terminated.
configure:2826: $? = 1
configure: failed program was:
| /* confdefs.h */
| #define PACKAGE_NAME ""
| #define PACKAGE_TARNAME ""
| #define PACKAGE_VERSION ""
| #define PACKAGE_STRING ""
| #define PACKAGE_BUGREPORT ""
| #define PACKAGE_URL ""
| /* end confdefs.h.  */
| #include <ac_nonexistent.h>
configure:2851: result: g++ -E
configure:2871: g++ -E  conftest.cpp
configure:2871: $? = 0
configure:2885: g++ -E  conftest.cpp
conftest.cpp:9:28: fatal error: ac_nonexistent.h: No such file or directory
compilation terminated.
configure:2885: $? = 1
configure: failed program was:
| /* confdefs.h */
| #define PACKAGE_NAME ""
| #define PACKAGE_TARNAME ""
| #define PACKAGE_VERSION ""
| #define PACKAGE_STRING ""
| #define PACKAGE_BUGREPORT ""
| #define PACKAGE_URL ""
| /* end confdefs.h.  */
| #include <ac_nonexistent.h>
configure:2914: checking for grep that handles long lines and -e
configure:2972: result: /bin/grep
configure:2977: checking for egrep
configure:3039: result: /bin/grep -E
configure:3044: checking for ANSI C header files
configure:3064: g++ -c -g -O2  conftest.cpp >&5
configure:3064: $? = 0
configure:3137: g++ -o conftest -g -O2   conftest.cpp  >&5
configure:3137: $? = 0
configure:3137: ./conftest
configure:3137: $? = 0
configure:3148: result: yes
configure:3157: checking for inline
configure:3173: g++ -c -g -O2  conftest.cpp >&5
configure:3173: $? = 0
configure:3181: result: inline
configure:3201: checking for memset
configure:3201: g++ -o conftest -g -O2   conftest.cpp  >&5
configure:3201: $? = 0
configure:3201: result: yes
configure:3212: checking for mkfifo
configure:3212: g++ -o conftest -g -O2   conftest.cpp  >&5
configure:3212: $? = 0
configure:3212: result: yes
configure:3223: checking for strstr
configure:3223: g++ -o conftest -g -O2   conftest.cpp  >&5
configure:3223: $? = 0
configure:3223: result: yes
configure:3234: checking for unlink
configure:3234: g++ -o conftest -g -O2   conftest.cpp  >&5
configure:3234: $? = 0
configure:3234: result: yes
configure:3245: checking for open
configure:3245: g++ -o conftest -g -O2   conftest.cpp  >&5
configure:3245: $? = 0
configure:3245: result: yes
configure:3256: checking for read
configure:3256: g++ -o conftest -g -O2   conftest.cpp  >&5
configure:3256: $? = 0
configure:3256: result: yes
configure:3267: checking for close
configure:3267: g++ -o conftest -g -O2   conftest.cpp  >&5
configure:3267: $? = 0
configure:3267: result: yes
configure:3278: checking for strstr
configure:3278: result: yes
configure:3289: checking for strcmp
configure:3289: g++ -o conftest -g -O2   conftest.cpp  >&5
configure:3289: $? = 0
configure:3289: result: yes
configure:3300: checking for strdup
configure:3300: g++ -o conftest -g -O2   conftest.cpp  >&5
configure:3300: $? = 0
configure:3300: result: yes
configure:3311: checking for strcasecmp
configure:3311: g++ -o conftest -g -O2   conftest.cpp  >&5
configure:3311: $? = 0
configure:3311: result: yes
configure:3322: checking for pthread_create
configure:3322: g++ -o conftest -g -O2   conftest.cpp  >&5
/tmp/ccqtzJTM.o: In function `main':
/home/jpsevilla/socam/svn/socam/trunk/xiv-0.9/conftest.cpp:55: undefined reference to `pthread_create'
collect2: ld returned 1 exit status
configure:3322: $? = 1
configure: failed program was:
| /* confdefs.h */
| #define PACKAGE_NAME ""
| #define PACKAGE_TARNAME ""
| #define PACKAGE_VERSION ""
| #define PACKAGE_STRING ""
| #define PACKAGE_BUGREPORT ""
| #define PACKAGE_URL ""
| #define STDC_HEADERS 1
| #define HAVE_MEMSET 1
| #define HAVE_MKFIFO 1
| #define HAVE_STRSTR 1
| #define HAVE_UNLINK 1
| #define HAVE_OPEN 1
| #define HAVE_READ 1
| #define HAVE_CLOSE 1
| #define HAVE_STRSTR 1
| #define HAVE_STRCMP 1
| #define HAVE_STRDUP 1
| #define HAVE_STRCASECMP 1
| /* end confdefs.h.  */
| /* Define pthread_create to an innocuous variant, in case <limits.h> declares pthread_create.
|    For example, HP-UX 11i <limits.h> declares gettimeofday.  */
| #define pthread_create innocuous_pthread_create
| 
| /* System header to define __stub macros and hopefully few prototypes,
|     which can conflict with char pthread_create (); below.
|     Prefer <limits.h> to <assert.h> if __STDC__ is defined, since
|     <limits.h> exists even on freestanding compilers.  */
| 
| #ifdef __STDC__
| # include <limits.h>
| #else
| # include <assert.h>
| #endif
| 
| #undef pthread_create
| 
| /* Override any GCC internal prototype to avoid an error.
|    Use char because int might match the return type of a GCC
|    builtin and then its argument prototype would still apply.  */
| #ifdef __cplusplus
| extern "C"
| #endif
| char pthread_create ();
| /* The GNU C library defines this for functions which it implements
|     to always fail with ENOSYS.  Some functions are actually named
|     something starting with __ and the normal name is an alias.  */
| #if defined __stub_pthread_create || defined __stub___pthread_create
| choke me
| #endif
| 
| int
| main ()
| {
| return pthread_create ();
|   ;
|   return 0;
| }
configure:3322: result: no
configure:3333: checking for pthread_mutex_lock
configure:3333: g++ -o conftest -g -O2   conftest.cpp  >&5
configure:3333: $? = 0
configure:3333: result: yes
configure:3344: checking for pthread_mutex_unlock
configure:3344: g++ -o conftest -g -O2   conftest.cpp  >&5
configure:3344: $? = 0
configure:3344: result: yes
configure:3355: checking for setjmp
configure:3355: g++ -o conftest -g -O2   conftest.cpp  >&5
configure:3355: $? = 0
configure:3355: result: yes
configure:3366: checking for longjmp
configure:3366: g++ -o conftest -g -O2   conftest.cpp  >&5
configure:3366: $? = 0
configure:3366: result: yes
configure:3377: checking for powf
configure:3377: g++ -o conftest -g -O2   conftest.cpp  >&5
configure:3377: $? = 0
configure:3377: result: yes
configure:3388: checking for dirname
configure:3388: g++ -o conftest -g -O2   conftest.cpp  >&5
configure:3388: $? = 0
configure:3388: result: yes
configure:3399: checking for basename
configure:3399: g++ -o conftest -g -O2   conftest.cpp  >&5
configure:3399: $? = 0
configure:3399: result: yes
configure:3410: checking for opendir
configure:3410: g++ -o conftest -g -O2   conftest.cpp  >&5
configure:3410: $? = 0
configure:3410: result: yes
configure:3421: checking for readdir
configure:3421: g++ -o conftest -g -O2   conftest.cpp  >&5
configure:3421: $? = 0
configure:3421: result: yes
configure:3432: checking for closedir
configure:3432: g++ -o conftest -g -O2   conftest.cpp  >&5
configure:3432: $? = 0
configure:3432: result: yes
configure:3446: checking for sys/types.h
configure:3446: g++ -c -g -O2  conftest.cpp >&5
configure:3446: $? = 0
configure:3446: result: yes
configure:3446: checking for sys/stat.h
configure:3446: g++ -c -g -O2  conftest.cpp >&5
configure:3446: $? = 0
configure:3446: result: yes
configure:3446: checking for stdlib.h
configure:3446: g++ -c -g -O2  conftest.cpp >&5
configure:3446: $? = 0
configure:3446: result: yes
configure:3446: checking for string.h
configure:3446: g++ -c -g -O2  conftest.cpp >&5
configure:3446: $? = 0
configure:3446: result: yes
configure:3446: checking for memory.h
configure:3446: g++ -c -g -O2  conftest.cpp >&5
configure:3446: $? = 0
configure:3446: result: yes
configure:3446: checking for strings.h
configure:3446: g++ -c -g -O2  conftest.cpp >&5
configure:3446: $? = 0
configure:3446: result: yes
configure:3446: checking for inttypes.h
configure:3446: g++ -c -g -O2  conftest.cpp >&5
configure:3446: $? = 0
configure:3446: result: yes
configure:3446: checking for stdint.h
configure:3446: g++ -c -g -O2  conftest.cpp >&5
configure:3446: $? = 0
configure:3446: result: yes
configure:3446: checking for unistd.h
configure:3446: g++ -c -g -O2  conftest.cpp >&5
configure:3446: $? = 0
configure:3446: result: yes
configure:3460: checking X11/Xlib.h usability
configure:3460: g++ -c -g -O2  conftest.cpp >&5
configure:3460: $? = 0
configure:3460: result: yes
configure:3460: checking X11/Xlib.h presence
configure:3460: g++ -E  conftest.cpp
configure:3460: $? = 0
configure:3460: result: yes
configure:3460: checking for X11/Xlib.h
configure:3460: result: yes
configure:3474: checking X11/Xutil.h usability
configure:3474: g++ -c -g -O2  conftest.cpp >&5
configure:3474: $? = 0
configure:3474: result: yes
configure:3474: checking X11/Xutil.h presence
configure:3474: g++ -E  conftest.cpp
configure:3474: $? = 0
configure:3474: result: yes
configure:3474: checking for X11/Xutil.h
configure:3474: result: yes
configure:3488: checking math.h usability
configure:3488: g++ -c -g -O2  conftest.cpp >&5
configure:3488: $? = 0
configure:3488: result: yes
configure:3488: checking math.h presence
configure:3488: g++ -E  conftest.cpp
configure:3488: $? = 0
configure:3488: result: yes
configure:3488: checking for math.h
configure:3488: result: yes
configure:3500: checking pthread.h usability
configure:3500: g++ -c -g -O2  conftest.cpp >&5
configure:3500: $? = 0
configure:3500: result: yes
configure:3500: checking pthread.h presence
configure:3500: g++ -E  conftest.cpp
configure:3500: $? = 0
configure:3500: result: yes
configure:3500: checking for pthread.h
configure:3500: result: yes
configure:3512: checking fcntl.h usability
configure:3512: g++ -c -g -O2  conftest.cpp >&5
configure:3512: $? = 0
configure:3512: result: yes
configure:3512: checking fcntl.h presence
configure:3512: g++ -E  conftest.cpp
configure:3512: $? = 0
configure:3512: result: yes
configure:3512: checking for fcntl.h
configure:3512: result: yes
configure:3524: checking for stdlib.h
configure:3524: result: yes
configure:3536: checking for string.h
configure:3536: result: yes
configure:3548: checking for unistd.h
configure:3548: result: yes
configure:3560: checking for sys/types.h
configure:3560: result: yes
configure:3572: checking for sys/stat.h
configure:3572: result: yes
configure:3584: checking setjmp.h usability
configure:3584: g++ -c -g -O2  conftest.cpp >&5
configure:3584: $? = 0
configure:3584: result: yes
configure:3584: checking setjmp.h presence
configure:3584: g++ -E  conftest.cpp
configure:3584: $? = 0
configure:3584: result: yes
configure:3584: checking for setjmp.h
configure:3584: result: yes
configure:3596: checking libgen.h usability
configure:3596: g++ -c -g -O2  conftest.cpp >&5
configure:3596: $? = 0
configure:3596: result: yes
configure:3596: checking libgen.h presence
configure:3596: g++ -E  conftest.cpp
configure:3596: $? = 0
configure:3596: result: yes
configure:3596: checking for libgen.h
configure:3596: result: yes
configure:3608: checking dirent.h usability
configure:3608: g++ -c -g -O2  conftest.cpp >&5
configure:3608: $? = 0
configure:3608: result: yes
configure:3608: checking dirent.h presence
configure:3608: g++ -E  conftest.cpp
configure:3608: $? = 0
configure:3608: result: yes
configure:3608: checking for dirent.h
configure:3608: result: yes
configure:3618: checking for jpeg_read_scanlines in -ljpeg
configure:3643: g++ -o conftest -g -O2   conftest.cpp -ljpeg   >&5
configure:3643: $? = 0
configure:3652: result: yes
configure:3666: checking for TIFFReadScanline in -ltiff
configure:3691: g++ -o conftest -g -O2   conftest.cpp -ltiff  -ljpeg  >&5
configure:3691: $? = 0
configure:3700: result: yes
configure:3714: checking for exif_data_new_from_file in -lexif
configure:3739: g++ -o conftest -g -O2   conftest.cpp -lexif  -ltiff -ljpeg  >&5
configure:3739: $? = 0
configure:3748: result: yes
configure:3762: checking for pthread_create in -lpthread
configure:3787: g++ -o conftest -g -O2   conftest.cpp -lpthread  -lexif -ltiff -ljpeg  >&5
configure:3787: $? = 0
configure:3796: result: yes
configure:3809: checking for XOpenDisplay in -lX11
configure:3834: g++ -o conftest -g -O2   conftest.cpp -lX11  -lpthread -lexif -ltiff -ljpeg  >&5
configure:3834: $? = 0
configure:3843: result: yes
configure:3856: checking for an ANSI C-conforming const
configure:3921: g++ -c -g -O2  conftest.cpp >&5
configure:3921: $? = 0
configure:3928: result: yes
configure:3938: checking for stdlib.h
configure:3938: result: yes
configure:3948: checking for GNU libc compatible malloc
configure:3972: g++ -o conftest -g -O2   conftest.cpp -lX11 -lpthread -lexif -ltiff -ljpeg  >&5
configure:3972: $? = 0
configure:3972: ./conftest
configure:3972: $? = 0
configure:3982: result: yes
configure:4003: checking for stdbool.h that conforms to C99
configure:4070: g++ -c -g -O2  conftest.cpp >&5
configure:4070: $? = 0
configure:4077: result: yes
configure:4079: checking for _Bool
configure:4079: g++ -c -g -O2  conftest.cpp >&5
conftest.cpp: In function 'int main()':
conftest.cpp:96:13: error: '_Bool' was not declared in this scope
configure:4079: $? = 1
configure: failed program was:
| /* confdefs.h */
| #define PACKAGE_NAME ""
| #define PACKAGE_TARNAME ""
| #define PACKAGE_VERSION ""
| #define PACKAGE_STRING ""
| #define PACKAGE_BUGREPORT ""
| #define PACKAGE_URL ""
| #define STDC_HEADERS 1
| #define HAVE_MEMSET 1
| #define HAVE_MKFIFO 1
| #define HAVE_STRSTR 1
| #define HAVE_UNLINK 1
| #define HAVE_OPEN 1
| #define HAVE_READ 1
| #define HAVE_CLOSE 1
| #define HAVE_STRSTR 1
| #define HAVE_STRCMP 1
| #define HAVE_STRDUP 1
| #define HAVE_STRCASECMP 1
| #define HAVE_PTHREAD_MUTEX_LOCK 1
| #define HAVE_PTHREAD_MUTEX_UNLOCK 1
| #define HAVE_SETJMP 1
| #define HAVE_LONGJMP 1
| #define HAVE_POWF 1
| #define HAVE_DIRNAME 1
| #define HAVE_BASENAME 1
| #define HAVE_OPENDIR 1
| #define HAVE_READDIR 1
| #define HAVE_CLOSEDIR 1
| #define HAVE_SYS_TYPES_H 1
| #define HAVE_SYS_STAT_H 1
| #define HAVE_STDLIB_H 1
| #define HAVE_STRING_H 1
| #define HAVE_MEMORY_H 1
| #define HAVE_STRINGS_H 1
| #define HAVE_INTTYPES_H 1
| #define HAVE_STDINT_H 1
| #define HAVE_UNISTD_H 1
| #define HAVE_X11_XLIB_H 1
| #define HAVE_X11_XUTIL_H 1
| #define HAVE_MATH_H 1
| #define HAVE_PTHREAD_H 1
| #define HAVE_FCNTL_H 1
| #define HAVE_STDLIB_H 1
| #define HAVE_STRING_H 1
| #define HAVE_UNISTD_H 1
| #define HAVE_SYS_TYPES_H 1
| #define HAVE_SYS_STAT_H 1
| #define HAVE_SETJMP_H 1
| #define HAVE_LIBGEN_H 1
| #define HAVE_DIRENT_H 1
| #define HAVE_LIBJPEG 1
| #define HAVE_LIBTIFF 1
| #define HAVE_LIBEXIF 1
| #define HAVE_LIBPTHREAD 1
| #define HAVE_LIBX11 1
| #define HAVE_STDLIB_H 1
| #define HAVE_MALLOC 1
| /* end confdefs.h.  */
| #include <stdio.h>
| #ifdef HAVE_SYS_TYPES_H
| # include <sys/types.h>
| #endif
| #ifdef HAVE_SYS_STAT_H
| # include <sys/stat.h>
| #endif
| #ifdef STDC_HEADERS
| # include <stdlib.h>
| # include <stddef.h>
| #else
| # ifdef HAVE_STDLIB_H
| #  include <stdlib.h>
| # endif
| #endif
| #ifdef HAVE_STRING_H
| # if !defined STDC_HEADERS && defined HAVE_MEMORY_H
| #  include <memory.h>
| # endif
| # include <string.h>
| #endif
| #ifdef HAVE_STRINGS_H
| # include <strings.h>
| #endif
| #ifdef HAVE_INTTYPES_H
| # include <inttypes.h>
| #endif
| #ifdef HAVE_STDINT_H
| # include <stdint.h>
| #endif
| #ifdef HAVE_UNISTD_H
| # include <unistd.h>
| #endif
| int
| main ()
| {
| if (sizeof (_Bool))
| 	 return 0;
|   ;
|   return 0;
| }
configure:4079: result: no
configure:4095: checking for X
configure:4203: g++ -E  conftest.cpp
configure:4203: $? = 0
configure:4234: g++ -o conftest -g -O2   conftest.cpp -lX11 -lX11 -lpthread -lexif -ltiff -ljpeg  >&5
configure:4234: $? = 0
configure:4284: result: libraries , headers 
configure:4336: checking for gcc
configure:4352: found /usr/bin/gcc
configure:4363: result: gcc
configure:4592: checking for C compiler version
configure:4601: gcc --version >&5
gcc (Ubuntu/Linaro 4.6.3-1ubuntu5) 4.6.3
Copyright (C) 2011 Free Software Foundation, Inc.
This is free software; see the source for copying conditions.  There is NO
warranty; not even for MERCHANTABILITY or FITNESS FOR A PARTICULAR PURPOSE.

configure:4612: $? = 0
configure:4601: gcc -v >&5
Using built-in specs.
COLLECT_GCC=gcc
COLLECT_LTO_WRAPPER=/usr/lib/gcc/x86_64-linux-gnu/4.6/lto-wrapper
Target: x86_64-linux-gnu
Configured with: ../src/configure -v --with-pkgversion='Ubuntu/Linaro 4.6.3-1ubuntu5' --with-bugurl=file:///usr/share/doc/gcc-4.6/README.Bugs --enable-languages=c,c++,fortran,objc,obj-c++ --prefix=/usr --program-suffix=-4.6 --enable-shared --enable-linker-build-id --with-system-zlib --libexecdir=/usr/lib --without-included-gettext --enable-threads=posix --with-gxx-include-dir=/usr/include/c++/4.6 --libdir=/usr/lib --enable-nls --with-sysroot=/ --enable-clocale=gnu --enable-libstdcxx-debug --enable-libstdcxx-time=yes --enable-gnu-unique-object --enable-plugin --enable-objc-gc --disable-werror --with-arch-32=i686 --with-tune=generic --enable-checking=release --build=x86_64-linux-gnu --host=x86_64-linux-gnu --target=x86_64-linux-gnu
Thread model: posix
gcc version 4.6.3 (Ubuntu/Linaro 4.6.3-1ubuntu5) 
configure:4612: $? = 0
configure:4601: gcc -V >&5
gcc: error: unrecognized option '-V'
gcc: fatal error: no input files
compilation terminated.
configure:4612: $? = 4
configure:4601: gcc -qversion >&5
gcc: error: unrecognized option '-qversion'
gcc: fatal error: no input files
compilation terminated.
configure:4612: $? = 4
configure:4616: checking whether we are using the GNU C compiler
configure:4635: gcc -c   conftest.c >&5
configure:4635: $? = 0
configure:4644: result: yes
configure:4653: checking whether gcc accepts -g
configure:4673: gcc -c -g  conftest.c >&5
configure:4673: $? = 0
configure:4714: result: yes
configure:4731: checking for gcc option to accept ISO C89
configure:4795: gcc  -c -g -O2  conftest.c >&5
configure:4795: $? = 0
configure:4808: result: none needed
configure:4828: checking for uint16_t
configure:4828: g++ -c -g -O2  conftest.cpp >&5
configure:4828: $? = 0
configure:4828: result: yes
configure:4957: creating ./config.status

## ---------------------- ##
## Running config.status. ##
## ---------------------- ##

This file was extended by config.status, which was
generated by GNU Autoconf 2.68.  Invocation command line was

  CONFIG_FILES    = 
  CONFIG_HEADERS  = 
  CONFIG_LINKS    = 
  CONFIG_COMMANDS = 
  $ ./config.status 

on sbf09

config.status:857: creating Makefile
config.status:857: creating config.h
config.status:1027: config.h is unchanged

## ---------------- ##
## Cache variables. ##
## ---------------- ##

ac_cv_c_compiler_gnu=yes
ac_cv_c_const=yes
ac_cv_c_inline=inline
ac_cv_c_uint16_t=yes
ac_cv_cxx_compiler_gnu=yes
ac_cv_env_CCC_set=
ac_cv_env_CCC_value=
ac_cv_env_CC_set=
ac_cv_env_CC_value=
ac_cv_env_CFLAGS_set=
ac_cv_env_CFLAGS_value=
ac_cv_env_CPPFLAGS_set=
ac_cv_env_CPPFLAGS_value=
ac_cv_env_CXXCPP_set=
ac_cv_env_CXXCPP_value=
ac_cv_env_CXXFLAGS_set=
ac_cv_env_CXXFLAGS_value=
ac_cv_env_CXX_set=
ac_cv_env_CXX_value=
ac_cv_env_LDFLAGS_set=
ac_cv_env_LDFLAGS_value=
ac_cv_env_LIBS_set=
ac_cv_env_LIBS_value=
ac_cv_env_XMKMF_set=
ac_cv_env_XMKMF_value=
ac_cv_env_build_alias_set=
ac_cv_env_build_alias_value=
ac_cv_env_host_alias_set=
ac_cv_env_host_alias_value=
ac_cv_env_target_alias_set=
ac_cv_env_target_alias_value=
ac_cv_func_basename=yes
ac_cv_func_close=yes
ac_cv_func_closedir=yes
ac_cv_func_dirname=yes
ac_cv_func_longjmp=yes
ac_cv_func_malloc_0_nonnull=yes
ac_cv_func_memset=yes
ac_cv_func_mkfifo=yes
ac_cv_func_open=yes
ac_cv_func_opendir=yes
ac_cv_func_powf=yes
ac_cv_func_pthread_create=no
ac_cv_func_pthread_mutex_lock=yes
ac_cv_func_pthread_mutex_unlock=yes
ac_cv_func_read=yes
ac_cv_func_readdir=yes
ac_cv_func_setjmp=yes
ac_cv_func_strcasecmp=yes
ac_cv_func_strcmp=yes
ac_cv_func_strdup=yes
ac_cv_func_strstr=yes
ac_cv_func_unlink=yes
ac_cv_have_x='have_x=yes	ac_x_includes='\'''\''	ac_x_libraries='\'''\'''
ac_cv_header_X11_Xlib_h=yes
ac_cv_header_X11_Xutil_h=yes
ac_cv_header_dirent_h=yes
ac_cv_header_fcntl_h=yes
ac_cv_header_inttypes_h=yes
ac_cv_header_libgen_h=yes
ac_cv_header_math_h=yes
ac_cv_header_memory_h=yes
ac_cv_header_pthread_h=yes
ac_cv_header_setjmp_h=yes
ac_cv_header_stdbool_h=yes
ac_cv_header_stdc=yes
ac_cv_header_stdint_h=yes
ac_cv_header_stdlib_h=yes
ac_cv_header_string_h=yes
ac_cv_header_strings_h=yes
ac_cv_header_sys_stat_h=yes
ac_cv_header_sys_types_h=yes
ac_cv_header_unistd_h=yes
ac_cv_lib_X11_XOpenDisplay=yes
ac_cv_lib_exif_exif_data_new_from_file=yes
ac_cv_lib_jpeg_jpeg_read_scanlines=yes
ac_cv_lib_pthread_pthread_create=yes
ac_cv_lib_tiff_TIFFReadScanline=yes
ac_cv_objext=o
ac_cv_path_EGREP='/bin/grep -E'
ac_cv_path_GREP=/bin/grep
ac_cv_prog_CXXCPP='g++ -E'
ac_cv_prog_ac_ct_CC=gcc
ac_cv_prog_ac_ct_CXX=g++
ac_cv_prog_cc_c89=
ac_cv_prog_cc_g=yes
ac_cv_prog_cxx_g=yes
ac_cv_prog_make_make_set=yes
ac_cv_type__Bool=no

## ----------------- ##
## Output variables. ##
## ----------------- ##

CC='gcc'
CFLAGS='-g -O2'
CPPFLAGS=''
CXX='g++'
CXXCPP='g++ -E'
CXXFLAGS='-g -O2'
DEFS='-DHAVE_CONFIG_H'
ECHO_C=''
ECHO_N='-n'
ECHO_T=''
EGREP='/bin/grep -E'
EXEEXT=''
GREP='/bin/grep'
LDFLAGS=''
LIBOBJS=''
LIBS='-lX11 -lpthread -lexif -ltiff -ljpeg '
LTLIBOBJS=''
OBJEXT='o'
PACKAGE_BUGREPORT=''
PACKAGE_NAME=''
PACKAGE_STRING=''
PACKAGE_TARNAME=''
PACKAGE_URL=''
PACKAGE_VERSION=''
PATH_SEPARATOR=':'
SET_MAKE=''
SHELL='/bin/bash'
VERSION='0.9'
XMKMF=''
ac_ct_CC='gcc'
ac_ct_CXX='g++'
bindir='${exec_prefix}/bin'
build_alias=''
datadir='${datarootdir}'
datarootdir='${prefix}/share'
docdir='${datarootdir}/doc/${PACKAGE}'
dvidir='${docdir}'
exec_prefix='${prefix}'
host_alias=''
htmldir='${docdir}'
includedir='${prefix}/include'
infodir='${datarootdir}/info'
libdir='${exec_prefix}/lib'
libexecdir='${exec_prefix}/libexec'
localedir='${datarootdir}/locale'
localstatedir='${prefix}/var'
mandir='${datarootdir}/man'
oldincludedir='/usr/include'
pdfdir='${docdir}'
prefix='/usr'
program_transform_name='s,x,x,'
psdir='${docdir}'
sbindir='${exec_prefix}/sbin'
sharedstatedir='${prefix}/com'
sysconfdir='${prefix}/etc'
target_alias=''

## ----------- ##
## confdefs.h. ##
## ----------- ##

/* confdefs.h */
#define PACKAGE_NAME ""
#define PACKAGE_TARNAME ""
#define PACKAGE_VERSION ""
#define PACKAGE_STRING ""
#define PACKAGE_BUGREPORT ""
#define PACKAGE_URL ""
#define STDC_HEADERS 1
#define HAVE_MEMSET 1
#define HAVE_MKFIFO 1
#define HAVE_STRSTR 1
#define HAVE_UNLINK 1
#define HAVE_OPEN 1
#define HAVE_READ 1
#define HAVE_CLOSE 1
#define HAVE_STRSTR 1
#define HAVE_STRCMP 1
#define HAVE_STRDUP 1
#define HAVE_STRCASECMP 1
#define HAVE_PTHREAD_MUTEX_LOCK 1
#define HAVE_PTHREAD_MUTEX_UNLOCK 1
#define HAVE_SETJMP 1
#define HAVE_LONGJMP 1
#define HAVE_POWF 1
#define HAVE_DIRNAME 1
#define HAVE_BASENAME 1
#define HAVE_OPENDIR 1
#define HAVE_READDIR 1
#define HAVE_CLOSEDIR 1
#define HAVE_SYS_TYPES_H 1
#define HAVE_SYS_STAT_H 1
#define HAVE_STDLIB_H 1
#define HAVE_STRING_H 1
#define HAVE_MEMORY_H 1
#define HAVE_STRINGS_H 1
#define HAVE_INTTYPES_H 1
#define HAVE_STDINT_H 1
#define HAVE_UNISTD_H 1
#define HAVE_X11_XLIB_H 1
#define HAVE_X11_XUTIL_H 1
#define HAVE_MATH_H 1
#define HAVE_PTHREAD_H 1
#define HAVE_FCNTL_H 1
#define HAVE_STDLIB_H 1
#define HAVE_STRING_H 1
#define HAVE_UNISTD_H 1
#define HAVE_SYS_TYPES_H 1
#define HAVE_SYS_STAT_H 1
#define HAVE_SETJMP_H 1
#define HAVE_LIBGEN_H 1
#define HAVE_DIRENT_H 1
#define HAVE_LIBJPEG 1
#define HAVE_LIBTIFF 1
#define HAVE_LIBEXIF 1
#define HAVE_LIBPTHREAD 1
#define HAVE_LIBX11 1
#define HAVE_STDLIB_H 1
#define HAVE_MALLOC 1
#define HAVE_STDBOOL_H 1

configure: exit 0
